file /Users/rhl/LSST/SConsUtils/python/lsst/SConsUtils.py,line 180:
	Configure(confdir = .sconf_temp)
scons: Configure: Checking if  CC is really gcc...
scons: Configure: ".sconf_temp/conftest_0" is up to date.
scons: Configure: The original builder output was:
  |gcc --help | grep gcc
  |
scons: Configure: (cached) yes


file /Users/rhl/LSST/SConsUtils/python/lsst/SConsUtils.py,line 372:
	Configure(confdir = .sconf_temp)
scons: Configure: Checking for C++ header file boost/version.hpp... 
scons: Configure: ".sconf_temp/conftest_1.cpp" is up to date.
scons: Configure: The original builder output was:
  |.sconf_temp/conftest_1.cpp <-
  |  |
  |  |#include <boost/version.hpp>
  |  |
  |  |
  |
scons: Configure: ".sconf_temp/conftest_1.o" is up to date.
scons: Configure: The original builder output was:
  |g++ -o .sconf_temp/conftest_1.o -c -g -Wall -O0 -DLSST_LITTLE_ENDIAN=1 -I/u/lsst/products/DarwinX86/boost/v1_33_1/include .sconf_temp/conftest_1.cpp
  |
scons: Configure: (cached) yes


file /Users/rhl/LSST/SConsUtils/python/lsst/SConsUtils.py,line 265:
	Configure(confdir = .sconf_temp)
scons: Configure: Checking for C++ library boost_filesystem-d-1_33_1... 
scons: Configure: ".sconf_temp/conftest_2.cpp" is up to date.
scons: Configure: The original builder output was:
  |.sconf_temp/conftest_2.cpp <-
  |  |
  |  |
  |  |
  |  |int
  |  |main() {
  |  |  
  |  |return 0;
  |  |}
  |  |
  |
scons: Configure: ".sconf_temp/conftest_2.o" is up to date.
scons: Configure: The original builder output was:
  |g++ -o .sconf_temp/conftest_2.o -c -g -Wall -O0 -DLSST_LITTLE_ENDIAN=1 -I/u/lsst/products/DarwinX86/boost/v1_33_1/include .sconf_temp/conftest_2.cpp
  |
scons: Configure: ".sconf_temp/conftest_2" is up to date.
scons: Configure: The original builder output was:
  |g++ -o .sconf_temp/conftest_2 .sconf_temp/conftest_2.o -L/u/lsst/products/DarwinX86/boost/v1_33_1/lib -lboost_filesystem-d-1_33_1
  |
scons: Configure: (cached) yes


file /Users/rhl/LSST/SConsUtils/python/lsst/SConsUtils.py,line 372:
	Configure(confdir = .sconf_temp)
scons: Configure: Checking for C++ header file boost/regex.hpp... 
scons: Configure: ".sconf_temp/conftest_3.cpp" is up to date.
scons: Configure: The original builder output was:
  |.sconf_temp/conftest_3.cpp <-
  |  |
  |  |#include <boost/regex.hpp>
  |  |
  |  |
  |
scons: Configure: ".sconf_temp/conftest_3.o" is up to date.
scons: Configure: The original builder output was:
  |g++ -o .sconf_temp/conftest_3.o -c -g -Wall -O0 -DLSST_LITTLE_ENDIAN=1 -I/u/lsst/products/DarwinX86/boost/v1_33_1/include -I/u/lsst/products/DarwinX86/boost/v1_33_1/include .sconf_temp/conftest_3.cpp
  |
scons: Configure: (cached) yes


file /Users/rhl/LSST/SConsUtils/python/lsst/SConsUtils.py,line 265:
	Configure(confdir = .sconf_temp)
scons: Configure: Checking for C++ library boost_regex-d-1_33_1... 
scons: Configure: ".sconf_temp/conftest_4.cpp" is up to date.
scons: Configure: The original builder output was:
  |.sconf_temp/conftest_4.cpp <-
  |  |
  |  |
  |  |
  |  |int
  |  |main() {
  |  |  
  |  |return 0;
  |  |}
  |  |
  |
scons: Configure: ".sconf_temp/conftest_4.o" is up to date.
scons: Configure: The original builder output was:
  |g++ -o .sconf_temp/conftest_4.o -c -g -Wall -O0 -DLSST_LITTLE_ENDIAN=1 -I/u/lsst/products/DarwinX86/boost/v1_33_1/include .sconf_temp/conftest_4.cpp
  |
scons: Configure: ".sconf_temp/conftest_4" is up to date.
scons: Configure: The original builder output was:
  |g++ -o .sconf_temp/conftest_4 .sconf_temp/conftest_4.o -L/u/lsst/products/DarwinX86/boost/v1_33_1/lib -L/u/lsst/products/DarwinX86/boost/v1_33_1/lib -lboost_regex-d-1_33_1
  |
scons: Configure: (cached) yes


file /Users/rhl/LSST/SConsUtils/python/lsst/SConsUtils.py,line 372:
	Configure(confdir = .sconf_temp)
scons: Configure: Checking for C++ header file vw/Core.h... 
scons: Configure: ".sconf_temp/conftest_5.cpp" is up to date.
scons: Configure: The original builder output was:
  |.sconf_temp/conftest_5.cpp <-
  |  |
  |  |#include <vw/Core.h>
  |  |
  |  |
  |
scons: Configure: ".sconf_temp/conftest_5.o" is up to date.
scons: Configure: The original builder output was:
  |g++ -o .sconf_temp/conftest_5.o -c -g -Wall -O0 -DLSST_LITTLE_ENDIAN=1 -I/u/lsst/products/DarwinX86/boost/v1_33_1/include -I/u/lsst/officialProducts/DarwinX86/external/vw/1.0.1/include .sconf_temp/conftest_5.cpp
  |
scons: Configure: (cached) yes


file /Users/rhl/LSST/SConsUtils/python/lsst/SConsUtils.py,line 265:
	Configure(confdir = .sconf_temp)
scons: Configure: Checking for C++ library vw... 
scons: Configure: ".sconf_temp/conftest_6.cpp" is up to date.
scons: Configure: The original builder output was:
  |.sconf_temp/conftest_6.cpp <-
  |  |
  |  |
  |  |
  |  |int
  |  |main() {
  |  |  
  |  |return 0;
  |  |}
  |  |
  |
scons: Configure: ".sconf_temp/conftest_6.o" is up to date.
scons: Configure: The original builder output was:
  |g++ -o .sconf_temp/conftest_6.o -c -g -Wall -O0 -DLSST_LITTLE_ENDIAN=1 -I/u/lsst/products/DarwinX86/boost/v1_33_1/include -I/u/lsst/officialProducts/DarwinX86/external/vw/1.0.1/include .sconf_temp/conftest_6.cpp
  |
scons: Configure: ".sconf_temp/conftest_6" is up to date.
scons: Configure: The original builder output was:
  |g++ -o .sconf_temp/conftest_6 .sconf_temp/conftest_6.o -L/u/lsst/products/DarwinX86/boost/v1_33_1/lib -L/u/lsst/officialProducts/DarwinX86/external/vw/1.0.1/lib -lvw
  |
scons: Configure: (cached) yes


file /Users/rhl/LSST/SConsUtils/python/lsst/SConsUtils.py,line 372:
	Configure(confdir = .sconf_temp)
scons: Configure: Checking for C++ header file Python.h... 
scons: Configure: ".sconf_temp/conftest_7.cpp" is up to date.
scons: Configure: The original builder output was:
  |.sconf_temp/conftest_7.cpp <-
  |  |
  |  |#include <Python.h>
  |  |
  |  |
  |
scons: Configure: ".sconf_temp/conftest_7.o" is up to date.
scons: Configure: The original builder output was:
  |g++ -o .sconf_temp/conftest_7.o -c -g -Wall -O0 -DLSST_LITTLE_ENDIAN=1 -I/u/lsst/products/DarwinX86/boost/v1_33_1/include -I/u/lsst/officialProducts/DarwinX86/external/vw/1.0.1/include -I/u/lsst/officialProducts/DarwinX86/external/python/2.5/include/python2.5 -I/u/lsst/officialProducts/DarwinX86/external/python/2.5/include .sconf_temp/conftest_7.cpp
  |
scons: Configure: (cached) yes


file /Users/rhl/LSST/SConsUtils/python/lsst/SConsUtils.py,line 372:
	Configure(confdir = .sconf_temp)
scons: Configure: Checking for C++ header file fitsio.h... 
scons: Configure: ".sconf_temp/conftest_8.cpp" is up to date.
scons: Configure: The original builder output was:
  |.sconf_temp/conftest_8.cpp <-
  |  |
  |  |#include <fitsio.h>
  |  |
  |  |
  |
scons: Configure: ".sconf_temp/conftest_8.o" is up to date.
scons: Configure: The original builder output was:
  |g++ -o .sconf_temp/conftest_8.o -c -g -Wall -O0 -DLSST_LITTLE_ENDIAN=1 -I/u/lsst/products/DarwinX86/boost/v1_33_1/include -I/u/lsst/officialProducts/DarwinX86/external/vw/1.0.1/include -I/u/lsst/officialProducts/DarwinX86/external/python/2.5/include/python2.5 -I/u/lsst/officialProducts/DarwinX86/external/python/2.5/include -I/u/lsst/officialProducts/DarwinX86/external/cfitsio/3006/include .sconf_temp/conftest_8.cpp
  |
scons: Configure: (cached) yes


file /Users/rhl/LSST/SConsUtils/python/lsst/SConsUtils.py,line 265:
	Configure(confdir = .sconf_temp)
scons: Configure: Checking for C library m... 
scons: Configure: ".sconf_temp/conftest_9.c" is up to date.
scons: Configure: The original builder output was:
  |.sconf_temp/conftest_9.c <-
  |  |
  |  |
  |  |
  |  |int
  |  |main() {
  |  |  
  |  |return 0;
  |  |}
  |  |
  |
scons: Configure: ".sconf_temp/conftest_9.o" is up to date.
scons: Configure: The original builder output was:
  |gcc -o .sconf_temp/conftest_9.o -c -g -Wall -O0 -DLSST_LITTLE_ENDIAN=1 -I/u/lsst/products/DarwinX86/boost/v1_33_1/include -I/u/lsst/officialProducts/DarwinX86/external/vw/1.0.1/include -I/u/lsst/officialProducts/DarwinX86/external/python/2.5/include/python2.5 -I/u/lsst/officialProducts/DarwinX86/external/python/2.5/include -I/u/lsst/officialProducts/DarwinX86/external/cfitsio/3006/include .sconf_temp/conftest_9.c
  |
scons: Configure: ".sconf_temp/conftest_9" is up to date.
scons: Configure: The original builder output was:
  |gcc -o .sconf_temp/conftest_9 .sconf_temp/conftest_9.o -L/u/lsst/products/DarwinX86/boost/v1_33_1/lib -L/u/lsst/officialProducts/DarwinX86/external/vw/1.0.1/lib -L/u/lsst/officialProducts/DarwinX86/external/python/2.5/lib/python2.5/site-packages -L/u/lsst/officialProducts/DarwinX86/external/cfitsio/3006/lib -lm
  |
scons: Configure: (cached) yes

scons: Configure: Checking for ffopen() in C library cfitsio... 
scons: Configure: ".sconf_temp/conftest_10.c" is up to date.
scons: Configure: The original builder output was:
  |.sconf_temp/conftest_10.c <-
  |  |
  |  |
  |  |
  |  |#ifdef __cplusplus
  |  |extern "C"
  |  |#endif
  |  |char ffopen();
  |  |
  |  |int
  |  |main() {
  |  |  ffopen();
  |  |return 0;
  |  |}
  |  |
  |
scons: Configure: ".sconf_temp/conftest_10.o" is up to date.
scons: Configure: The original builder output was:
  |gcc -o .sconf_temp/conftest_10.o -c -g -Wall -O0 -DLSST_LITTLE_ENDIAN=1 -I/u/lsst/products/DarwinX86/boost/v1_33_1/include -I/u/lsst/officialProducts/DarwinX86/external/vw/1.0.1/include -I/u/lsst/officialProducts/DarwinX86/external/python/2.5/include/python2.5 -I/u/lsst/officialProducts/DarwinX86/external/python/2.5/include -I/u/lsst/officialProducts/DarwinX86/external/cfitsio/3006/include .sconf_temp/conftest_10.c
  |
scons: Configure: ".sconf_temp/conftest_10" is up to date.
scons: Configure: The original builder output was:
  |gcc -o .sconf_temp/conftest_10 .sconf_temp/conftest_10.o -L/u/lsst/products/DarwinX86/boost/v1_33_1/lib -L/u/lsst/officialProducts/DarwinX86/external/vw/1.0.1/lib -L/u/lsst/officialProducts/DarwinX86/external/python/2.5/lib/python2.5/site-packages -L/u/lsst/officialProducts/DarwinX86/external/cfitsio/3006/lib -lm -lcfitsio
  |
scons: Configure: (cached) yes


file /Users/rhl/LSST/SConsUtils/python/lsst/SConsUtils.py,line 372:
	Configure(confdir = .sconf_temp)
scons: Configure: Checking for C++ header file wcs.h... 
scons: Configure: ".sconf_temp/conftest_11.cpp" is up to date.
scons: Configure: The original builder output was:
  |.sconf_temp/conftest_11.cpp <-
  |  |
  |  |#include <wcs.h>
  |  |
  |  |
  |
scons: Configure: ".sconf_temp/conftest_11.o" is up to date.
scons: Configure: The original builder output was:
  |g++ -o .sconf_temp/conftest_11.o -c -g -Wall -O0 -DLSST_LITTLE_ENDIAN=1 -I/u/lsst/products/DarwinX86/boost/v1_33_1/include -I/u/lsst/officialProducts/DarwinX86/external/vw/1.0.1/include -I/u/lsst/officialProducts/DarwinX86/external/python/2.5/include/python2.5 -I/u/lsst/officialProducts/DarwinX86/external/python/2.5/include -I/u/lsst/officialProducts/DarwinX86/external/cfitsio/3006/include -I/u/lsst/officialProducts/DarwinX86/external/wcstools/3.6.2/include .sconf_temp/conftest_11.cpp
  |
scons: Configure: (cached) yes


file /Users/rhl/LSST/SConsUtils/python/lsst/SConsUtils.py,line 265:
	Configure(confdir = .sconf_temp)
scons: Configure: Checking for wcscat() in C library wcs... 
scons: Configure: ".sconf_temp/conftest_12.c" is up to date.
scons: Configure: The original builder output was:
  |.sconf_temp/conftest_12.c <-
  |  |
  |  |
  |  |
  |  |#ifdef __cplusplus
  |  |extern "C"
  |  |#endif
  |  |char wcscat();
  |  |
  |  |int
  |  |main() {
  |  |  wcscat();
  |  |return 0;
  |  |}
  |  |
  |
scons: Configure: ".sconf_temp/conftest_12.o" is up to date.
scons: Configure: The original builder output was:
  |gcc -o .sconf_temp/conftest_12.o -c -g -Wall -O0 -DLSST_LITTLE_ENDIAN=1 -I/u/lsst/products/DarwinX86/boost/v1_33_1/include -I/u/lsst/officialProducts/DarwinX86/external/vw/1.0.1/include -I/u/lsst/officialProducts/DarwinX86/external/python/2.5/include/python2.5 -I/u/lsst/officialProducts/DarwinX86/external/python/2.5/include -I/u/lsst/officialProducts/DarwinX86/external/cfitsio/3006/include -I/u/lsst/officialProducts/DarwinX86/external/wcstools/3.6.2/include .sconf_temp/conftest_12.c
  |
scons: Configure: ".sconf_temp/conftest_12" is up to date.
scons: Configure: The original builder output was:
  |gcc -o .sconf_temp/conftest_12 .sconf_temp/conftest_12.o -L/u/lsst/products/DarwinX86/boost/v1_33_1/lib -L/u/lsst/officialProducts/DarwinX86/external/vw/1.0.1/lib -L/u/lsst/officialProducts/DarwinX86/external/python/2.5/lib/python2.5/site-packages -L/u/lsst/officialProducts/DarwinX86/external/cfitsio/3006/lib -L/u/lsst/officialProducts/DarwinX86/external/wcstools/3.6.2/lib -lwcs
  |
scons: Configure: (cached) yes


file /Users/rhl/LSST/SConsUtils/python/lsst/SConsUtils.py,line 372:
	Configure(confdir = .sconf_temp)
scons: Configure: Checking for C++ header file xpa.h... 
scons: Configure: ".sconf_temp/conftest_13.cpp" is up to date.
scons: Configure: The original builder output was:
  |.sconf_temp/conftest_13.cpp <-
  |  |
  |  |#include <xpa.h>
  |  |
  |  |
  |
scons: Configure: ".sconf_temp/conftest_13.o" is up to date.
scons: Configure: The original builder output was:
  |g++ -o .sconf_temp/conftest_13.o -c -g -Wall -O0 -DLSST_LITTLE_ENDIAN=1 -I/u/lsst/products/DarwinX86/boost/v1_33_1/include -I/u/lsst/officialProducts/DarwinX86/external/vw/1.0.1/include -I/u/lsst/officialProducts/DarwinX86/external/python/2.5/include/python2.5 -I/u/lsst/officialProducts/DarwinX86/external/python/2.5/include -I/u/lsst/officialProducts/DarwinX86/external/cfitsio/3006/include -I/u/lsst/officialProducts/DarwinX86/external/wcstools/3.6.2/include -I/u/lsst/officialProducts/DarwinX86/external/xpa/2.1.7b2/include .sconf_temp/conftest_13.cpp
  |
scons: Configure: (cached) yes


file /Users/rhl/LSST/SConsUtils/python/lsst/SConsUtils.py,line 265:
	Configure(confdir = .sconf_temp)
scons: Configure: Checking for XPAPuts() in C library xpa... 
scons: Configure: ".sconf_temp/conftest_14.c" is up to date.
scons: Configure: The original builder output was:
  |.sconf_temp/conftest_14.c <-
  |  |
  |  |
  |  |
  |  |#ifdef __cplusplus
  |  |extern "C"
  |  |#endif
  |  |char XPAPuts();
  |  |
  |  |int
  |  |main() {
  |  |  XPAPuts();
  |  |return 0;
  |  |}
  |  |
  |
scons: Configure: ".sconf_temp/conftest_14.o" is up to date.
scons: Configure: The original builder output was:
  |gcc -o .sconf_temp/conftest_14.o -c -g -Wall -O0 -DLSST_LITTLE_ENDIAN=1 -I/u/lsst/products/DarwinX86/boost/v1_33_1/include -I/u/lsst/officialProducts/DarwinX86/external/vw/1.0.1/include -I/u/lsst/officialProducts/DarwinX86/external/python/2.5/include/python2.5 -I/u/lsst/officialProducts/DarwinX86/external/python/2.5/include -I/u/lsst/officialProducts/DarwinX86/external/cfitsio/3006/include -I/u/lsst/officialProducts/DarwinX86/external/wcstools/3.6.2/include -I/u/lsst/officialProducts/DarwinX86/external/xpa/2.1.7b2/include .sconf_temp/conftest_14.c
  |
scons: Configure: ".sconf_temp/conftest_14" is up to date.
scons: Configure: The original builder output was:
  |gcc -o .sconf_temp/conftest_14 .sconf_temp/conftest_14.o -L/u/lsst/products/DarwinX86/boost/v1_33_1/lib -L/u/lsst/officialProducts/DarwinX86/external/vw/1.0.1/lib -L/u/lsst/officialProducts/DarwinX86/external/python/2.5/lib/python2.5/site-packages -L/u/lsst/officialProducts/DarwinX86/external/cfitsio/3006/lib -L/u/lsst/officialProducts/DarwinX86/external/wcstools/3.6.2/lib -L/u/lsst/officialProducts/DarwinX86/external/xpa/2.1.7b2/lib -lxpa
  |
scons: Configure: (cached) yes


file /Users/rhl/LSST/SConsUtils/python/lsst/SConsUtils.py,line 372:
	Configure(confdir = .sconf_temp)
scons: Configure: Checking for C++ header file lsst/fw/MaskedImage.h... 
scons: Configure: ".sconf_temp/conftest_15.cpp" is up to date.
scons: Configure: The original builder output was:
  |.sconf_temp/conftest_15.cpp <-
  |  |
  |  |#include <lsst/fw/MaskedImage.h>
  |  |
  |  |
  |
scons: Configure: ".sconf_temp/conftest_15.o" is up to date.
scons: Configure: The original builder output was:
  |g++ -o .sconf_temp/conftest_15.o -c -g -Wall -O0 -DLSST_LITTLE_ENDIAN=1 -I/u/lsst/products/DarwinX86/boost/v1_33_1/include -I/u/lsst/officialProducts/DarwinX86/external/vw/1.0.1/include -I/u/lsst/officialProducts/DarwinX86/external/python/2.5/include/python2.5 -I/u/lsst/officialProducts/DarwinX86/external/python/2.5/include -I/u/lsst/officialProducts/DarwinX86/external/cfitsio/3006/include -I/u/lsst/officialProducts/DarwinX86/external/wcstools/3.6.2/include -I/u/lsst/officialProducts/DarwinX86/external/xpa/2.1.7b2/include -I/Users/rhl/LSST/fw/include .sconf_temp/conftest_15.cpp
  |
scons: Configure: (cached) yes


file /Users/rhl/LSST/SConsUtils/python/lsst/SConsUtils.py,line 265:
	Configure(confdir = .sconf_temp)
scons: Configure: Checking for C++ library fw... 
scons: Configure: ".sconf_temp/conftest_16.cpp" is up to date.
scons: Configure: The original builder output was:
  |.sconf_temp/conftest_16.cpp <-
  |  |
  |  |
  |  |
  |  |int
  |  |main() {
  |  |  
  |  |return 0;
  |  |}
  |  |
  |
scons: Configure: ".sconf_temp/conftest_16.o" is up to date.
scons: Configure: The original builder output was:
  |g++ -o .sconf_temp/conftest_16.o -c -g -Wall -O0 -DLSST_LITTLE_ENDIAN=1 -I/u/lsst/products/DarwinX86/boost/v1_33_1/include -I/u/lsst/officialProducts/DarwinX86/external/vw/1.0.1/include -I/u/lsst/officialProducts/DarwinX86/external/python/2.5/include/python2.5 -I/u/lsst/officialProducts/DarwinX86/external/python/2.5/include -I/u/lsst/officialProducts/DarwinX86/external/cfitsio/3006/include -I/u/lsst/officialProducts/DarwinX86/external/wcstools/3.6.2/include -I/u/lsst/officialProducts/DarwinX86/external/xpa/2.1.7b2/include -I/Users/rhl/LSST/fw/include .sconf_temp/conftest_16.cpp
  |
scons: Configure: ".sconf_temp/conftest_16" is up to date.
scons: Configure: The original builder output was:
  |g++ -o .sconf_temp/conftest_16 .sconf_temp/conftest_16.o -L/u/lsst/products/DarwinX86/boost/v1_33_1/lib -L/u/lsst/officialProducts/DarwinX86/external/vw/1.0.1/lib -L/u/lsst/officialProducts/DarwinX86/external/python/2.5/lib/python2.5/site-packages -L/u/lsst/officialProducts/DarwinX86/external/cfitsio/3006/lib -L/u/lsst/officialProducts/DarwinX86/external/wcstools/3.6.2/lib -L/u/lsst/officialProducts/DarwinX86/external/xpa/2.1.7b2/lib -L/Users/rhl/LSST/fw/lib -lfw
  |
scons: Configure: (cached) yes


